0 info it worked if it ends with ok
1 verbose cli [ 'C:\\Program Files\\nodejs\\node.exe',
1 verbose cli   'C:\\Program Files\\nodejs\\node_modules\\npm\\bin\\npm-cli.js',
1 verbose cli   'start' ]
2 info using npm@3.10.9
3 info using node@v6.9.2
4 verbose run-script [ 'prestart', 'start', 'poststart' ]
5 info lifecycle auto_mouse_move@1.0.0~prestart: auto_mouse_move@1.0.0
6 silly lifecycle auto_mouse_move@1.0.0~prestart: no script for prestart, continuing
7 info lifecycle auto_mouse_move@1.0.0~start: auto_mouse_move@1.0.0
8 verbose lifecycle auto_mouse_move@1.0.0~start: unsafe-perm in lifecycle true
9 verbose lifecycle auto_mouse_move@1.0.0~start: PATH: C:\Program Files\nodejs\node_modules\npm\bin\node-gyp-bin;C:\Dropbox\github\Auto-Mouse-Mover\node_modules\.bin;C:\cygwin64\bin;C:\ProgramData\Oracle\Java\javapath;C:\Windows\system32;C:\Windows;C:\Windows\System32\Wbem;C:\Windows\System32\WindowsPowerShell\v1.0\;C:\Program Files (x86)\Shoreline Communications\ShoreWare Client\;C:\Program Files (x86)\Shoreline Communications\ShoreWare Client\win64;c:\Program Files (x86)\Microsoft SQL Server\100\Tools\Binn\;c:\Program Files\Microsoft SQL Server\100\Tools\Binn\;c:\Program Files\Microsoft SQL Server\100\DTS\Binn\;C:\Program Files (x86)\Windows Kits\8.1\Windows Performance Toolkit\;C:\Program Files\Microsoft SQL Server\120\Tools\Binn\;C:\Program Files\Microsoft SQL Server\130\Tools\Binn\;C:\Program Files\Perforce;C:\Program Files\Perforce\DVCS\;C:\Program Files\Perforce;c:\Program Files (x86)\Microsoft ASP.NET\ASP.NET Web Pages\v1.0\;C:\Program Files (x86)\Microsoft SQL Server\Client SDK\ODBC\130\Tools\Binn\;C:\Program Files (x86)\Microsoft SQL Server\130\Tools\Binn\;C:\Program Files (x86)\Microsoft SQL Server\130\DTS\Binn\;C:\Program Files (x86)\Microsoft SQL Server\130\Tools\Binn\ManagementStudio\;C:\Program Files (x86)\LINQPad5;C:\ProgramData\chocolatey\bin;C:\StrawberryPerl\c\bin;C:\StrawberryPerl\perl\site\bin;C:\StrawberryPerl\perl\bin;C:\Program Files\nodejs\;C:\Program Files (x86)\Skype\Phone\;C:\Users\rj.freund\.dnx\bin;C:\Program Files\Microsoft DNX\Dnvm\;C:\Program Files\Git\cmd;C:\Program Files (x86)\Nodist\bin;C:\Python27;C:\Program Files\Sublime Text 3;C:\Program Files (x86)\Microsoft VS Code\bin;C:\Users\rj.freund\AppData\Roaming\npm;C:\chromedriver\;C:\geckodriver\;C:\Program Files (x86)\JetBrains\WebStorm 2016.3.2\bin;C:\Program Files\nodejs;
10 verbose lifecycle auto_mouse_move@1.0.0~start: CWD: C:\Dropbox\github\Auto-Mouse-Mover
11 silly lifecycle auto_mouse_move@1.0.0~start: Args: [ '/d /s /c', 'node auto_mouse_move.js' ]
12 silly lifecycle auto_mouse_move@1.0.0~start: Returned: code: 3221225786  signal: null
13 info lifecycle auto_mouse_move@1.0.0~start: Failed to exec start script
14 verbose stack Error: auto_mouse_move@1.0.0 start: `node auto_mouse_move.js`
14 verbose stack Exit status 3221225786
14 verbose stack     at EventEmitter.<anonymous> (C:\Program Files\nodejs\node_modules\npm\lib\utils\lifecycle.js:255:16)
14 verbose stack     at emitTwo (events.js:106:13)
14 verbose stack     at EventEmitter.emit (events.js:191:7)
14 verbose stack     at ChildProcess.<anonymous> (C:\Program Files\nodejs\node_modules\npm\lib\utils\spawn.js:40:14)
14 verbose stack     at emitTwo (events.js:106:13)
14 verbose stack     at ChildProcess.emit (events.js:191:7)
14 verbose stack     at maybeClose (internal/child_process.js:877:16)
14 verbose stack     at Process.ChildProcess._handle.onexit (internal/child_process.js:226:5)
15 verbose pkgid auto_mouse_move@1.0.0
16 verbose cwd C:\Dropbox\github\Auto-Mouse-Mover
17 error Windows_NT 6.3.9600
18 error argv "C:\\Program Files\\nodejs\\node.exe" "C:\\Program Files\\nodejs\\node_modules\\npm\\bin\\npm-cli.js" "start"
19 error node v6.9.2
20 error npm  v3.10.9
21 error code ELIFECYCLE
22 error auto_mouse_move@1.0.0 start: `node auto_mouse_move.js`
22 error Exit status 3221225786
23 error Failed at the auto_mouse_move@1.0.0 start script 'node auto_mouse_move.js'.
23 error Make sure you have the latest version of node.js and npm installed.
23 error If you do, this is most likely a problem with the auto_mouse_move package,
23 error not with npm itself.
23 error Tell the author that this fails on your system:
23 error     node auto_mouse_move.js
23 error You can get information on how to open an issue for this project with:
23 error     npm bugs auto_mouse_move
23 error Or if that isn't available, you can get their info via:
23 error     npm owner ls auto_mouse_move
23 error There is likely additional logging output above.
24 verbose exit [ 1, true ]
